<?xml version="1.0" encoding="UTF-8"?>
<!-- Generated by org.testng.reporters.JUnitReportReporter -->
<testsuite hostname="DESKTOP-5P0UC5Q" failures="0" tests="1" name="BasicApiTest" time="9.972" errors="0" timestamp="2021-07-15T03:05:22 IST" skipped="0">
  <testcase classname="BasicApiTest" name="getRequest" time="9.972"/>
  <system-out/>
</testsuite> <!-- BasicApiTest -->
